<?xml version="1.0" encoding="UTF-8"?>
<testsuite name="com.project.StudentApplicationServiceTest" tests="7" skipped="0" failures="0" errors="0" timestamp="2023-01-04T17:04:03" hostname="MacBook-Pro-Mariia.local" time="2.354">
  <properties/>
  <testcase name="whenDisplayApplicationStatusCalled_thenFormattedStringWithStatusValuesReturned()" classname="com.project.StudentApplicationServiceTest" time="0.097"/>
  <testcase name="whenGetAllStudentApplication_thenReturnAllStudentApplication()" classname="com.project.StudentApplicationServiceTest" time="0.515"/>
  <testcase name="testFindApplicationPaginated()" classname="com.project.StudentApplicationServiceTest" time="0.395"/>
  <testcase name="testGetAmountOfOffers()" classname="com.project.StudentApplicationServiceTest" time="0.301"/>
  <testcase name="whenDeleteAllStudentApplication_thenReturnNoStudentApplication()" classname="com.project.StudentApplicationServiceTest" time="0.721"/>
  <testcase name="whenParseExcelApplicationStatus_thenArrayOfApplicationStatusesReturned()" classname="com.project.StudentApplicationServiceTest" time="0.012"/>
  <testcase name="testGetAmountApplications()" classname="com.project.StudentApplicationServiceTest" time="0.306"/>
  <system-out><![CDATA[17:04:00.460 [Test worker] DEBUG org.springframework.boot.test.context.SpringBootTestContextBootstrapper - Neither @ContextConfiguration nor @ContextHierarchy found for test class [StudentApplicationServiceTest]: using SpringBootContextLoader
17:04:00.463 [Test worker] DEBUG org.springframework.test.context.support.AbstractContextLoader - Could not detect default resource locations for test class [com.project.StudentApplicationServiceTest]: no resource found for suffixes {-context.xml, Context.groovy}.
17:04:00.464 [Test worker] INFO org.springframework.test.context.support.AnnotationConfigContextLoaderUtils - Could not detect default configuration classes for test class [com.project.StudentApplicationServiceTest]: StudentApplicationServiceTest does not declare any static, non-private, non-final, nested classes annotated with @Configuration.
17:04:00.474 [Test worker] DEBUG org.springframework.boot.test.context.SpringBootTestContextBootstrapper - Using ContextCustomizers for test class [StudentApplicationServiceTest]: [DisableObservabilityContextCustomizer, PropertyMappingContextCustomizer, Customizer, ExcludeFilterContextCustomizer, DuplicateJsonObjectContextCustomizer, MockitoContextCustomizer, TestRestTemplateContextCustomizer]
17:04:00.506 [Test worker] DEBUG org.springframework.context.annotation.ClassPathScanningCandidateComponentProvider - Identified candidate component class: file [/Users/mariiamoroz/Documents/Cardiff/team-7-recruitment-and-admissions_tests/build/classes/java/main/com/project/Team7RecruitmentAndAdmissionsApplication.class]
17:04:00.509 [Test worker] INFO org.springframework.boot.test.context.SpringBootTestContextBootstrapper - Found @SpringBootConfiguration com.project.Team7RecruitmentAndAdmissionsApplication for test class com.project.StudentApplicationServiceTest
17:04:00.549 [Test worker] DEBUG org.springframework.boot.test.context.SpringBootTestContextBootstrapper - Using TestExecutionListeners for test class [StudentApplicationServiceTest]: [ServletTestExecutionListener, DirtiesContextBeforeModesTestExecutionListener, ApplicationEventsTestExecutionListener, MockitoTestExecutionListener, DependencyInjectionTestExecutionListener, DirtiesContextTestExecutionListener, TransactionalTestExecutionListener, SqlScriptsTestExecutionListener, WithSecurityContextTestExecutionListener, EventPublishingTestExecutionListener, ReactorContextTestExecutionListener, RestDocsTestExecutionListener, MockRestServiceServerResetTestExecutionListener, MockMvcPrintOnlyOnFailureTestExecutionListener, WebDriverTestExecutionListener, MockWebServiceServerTestExecutionListener, ResetMocksTestExecutionListener]
17:04:00.549 [Test worker] DEBUG org.springframework.test.context.support.AbstractDirtiesContextTestExecutionListener - Before test class: class [StudentApplicationServiceTest], class annotated with @DirtiesContext [false] with mode [null]

  .   ____          _            __ _ _
 /\\ / ___'_ __ _ _(_)_ __  __ _ \ \ \ \
( ( )\___ | '_ | '_| | '_ \/ _` | \ \ \ \
 \\/  ___)| |_)| | | | | || (_| |  ) ) ) )
  '  |____| .__|_| |_|_| |_\__, | / / / /
 =========|_|==============|___/=/_/_/_/
 :: Spring Boot ::                (v3.0.0)

2023-01-04T17:04:00.667Z  INFO 27578 --- [    Test worker] c.project.StudentApplicationServiceTest  : Starting StudentApplicationServiceTest using Java 17.0.5 with PID 27578 (started by mariiamoroz in /Users/mariiamoroz/Documents/Cardiff/team-7-recruitment-and-admissions_tests)
2023-01-04T17:04:00.667Z  INFO 27578 --- [    Test worker] c.project.StudentApplicationServiceTest  : No active profile set, falling back to 1 default profile: "default"
2023-01-04T17:04:00.882Z  INFO 27578 --- [    Test worker] .s.d.r.c.RepositoryConfigurationDelegate : Bootstrapping Spring Data JPA repositories in DEFAULT mode.
2023-01-04T17:04:00.903Z  INFO 27578 --- [    Test worker] .s.d.r.c.RepositoryConfigurationDelegate : Finished Spring Data repository scanning in 17 ms. Found 3 JPA repository interfaces.
2023-01-04T17:04:01.198Z  INFO 27578 --- [    Test worker] o.hibernate.jpa.internal.util.LogHelper  : HHH000204: Processing PersistenceUnitInfo [name: default]
2023-01-04T17:04:01.221Z  INFO 27578 --- [    Test worker] org.hibernate.Version                    : HHH000412: Hibernate ORM core version 6.1.5.Final
2023-01-04T17:04:01.288Z  WARN 27578 --- [    Test worker] org.hibernate.orm.deprecation            : HHH90000021: Encountered deprecated setting [javax.persistence.sharedCache.mode], use [jakarta.persistence.sharedCache.mode] instead
2023-01-04T17:04:01.336Z  INFO 27578 --- [    Test worker] com.zaxxer.hikari.HikariDataSource       : HikariPool-1 - Starting...
2023-01-04T17:04:01.786Z  INFO 27578 --- [    Test worker] com.zaxxer.hikari.pool.HikariPool        : HikariPool-1 - Added connection org.mariadb.jdbc.Connection@27bcb4ad
2023-01-04T17:04:01.787Z  INFO 27578 --- [    Test worker] com.zaxxer.hikari.HikariDataSource       : HikariPool-1 - Start completed.
2023-01-04T17:04:01.923Z  INFO 27578 --- [    Test worker] SQL dialect                              : HHH000400: Using dialect: org.hibernate.dialect.MariaDBDialect
2023-01-04T17:04:02.621Z  INFO 27578 --- [    Test worker] o.h.e.t.j.p.i.JtaPlatformInitiator       : HHH000490: Using JtaPlatform implementation: [org.hibernate.engine.transaction.jta.platform.internal.NoJtaPlatform]
2023-01-04T17:04:02.629Z  INFO 27578 --- [    Test worker] j.LocalContainerEntityManagerFactoryBean : Initialized JPA EntityManagerFactory for persistence unit 'default'
2023-01-04T17:04:02.918Z  WARN 27578 --- [    Test worker] JpaBaseConfiguration$JpaWebConfiguration : spring.jpa.open-in-view is enabled by default. Therefore, database queries may be performed during view rendering. Explicitly configure spring.jpa.open-in-view to disable this warning
2023-01-04T17:04:03.078Z  INFO 27578 --- [    Test worker] o.s.s.web.DefaultSecurityFilterChain     : Will secure any request with [org.springframework.security.web.session.DisableEncodeUrlFilter@7e44f989, org.springframework.security.web.context.request.async.WebAsyncManagerIntegrationFilter@2d5b549b, org.springframework.security.web.context.SecurityContextHolderFilter@23243bc0, org.springframework.security.web.header.HeaderWriterFilter@4d4337f9, org.springframework.security.web.csrf.CsrfFilter@75ff2b6d, org.springframework.security.web.authentication.logout.LogoutFilter@193d73d3, org.springframework.security.web.authentication.UsernamePasswordAuthenticationFilter@6d3194ff, org.springframework.security.web.savedrequest.RequestCacheAwareFilter@1267f832, org.springframework.security.web.servletapi.SecurityContextHolderAwareRequestFilter@481eb705, org.springframework.security.web.authentication.AnonymousAuthenticationFilter@542c6165, org.springframework.security.web.access.ExceptionTranslationFilter@420068a, org.springframework.security.web.access.intercept.AuthorizationFilter@7bfedfb7]
2023-01-04T17:04:03.231Z  INFO 27578 --- [    Test worker] c.project.StudentApplicationServiceTest  : Started StudentApplicationServiceTest in 2.663 seconds (process running for 3.125)
]]></system-out>
  <system-err><![CDATA[]]></system-err>
</testsuite>
