<?xml version="1.0" encoding="UTF-8"?>
<testsuite name="com.project.StudentApplicationServiceTest" tests="1" skipped="0" failures="0" errors="0" timestamp="2023-01-07T12:18:52" hostname="MacBook-Pro-Mariia.local" time="0.098">
  <properties/>
  <testcase name="whenDisplayApplicationStatusCalled_thenFormattedStringWithStatusValuesReturned()" classname="com.project.StudentApplicationServiceTest" time="0.098"/>
  <system-out><![CDATA[12:18:49.248 [Test worker] DEBUG org.springframework.boot.test.context.SpringBootTestContextBootstrapper - Neither @ContextConfiguration nor @ContextHierarchy found for test class [StudentApplicationServiceTest]: using SpringBootContextLoader
12:18:49.250 [Test worker] DEBUG org.springframework.test.context.support.AbstractContextLoader - Could not detect default resource locations for test class [com.project.StudentApplicationServiceTest]: no resource found for suffixes {-context.xml, Context.groovy}.
12:18:49.250 [Test worker] INFO org.springframework.test.context.support.AnnotationConfigContextLoaderUtils - Could not detect default configuration classes for test class [com.project.StudentApplicationServiceTest]: StudentApplicationServiceTest does not declare any static, non-private, non-final, nested classes annotated with @Configuration.
12:18:49.261 [Test worker] DEBUG org.springframework.boot.test.context.SpringBootTestContextBootstrapper - Using ContextCustomizers for test class [StudentApplicationServiceTest]: [DisableObservabilityContextCustomizer, PropertyMappingContextCustomizer, Customizer, ExcludeFilterContextCustomizer, DuplicateJsonObjectContextCustomizer, MockitoContextCustomizer, TestRestTemplateContextCustomizer]
12:18:49.309 [Test worker] DEBUG org.springframework.context.annotation.ClassPathScanningCandidateComponentProvider - Identified candidate component class: file [/Users/mariiamoroz/Documents/Cardiff/team-7-recruitment-and-admissions_tests/build/classes/java/main/com/project/Team7RecruitmentAndAdmissionsApplication.class]
12:18:49.314 [Test worker] INFO org.springframework.boot.test.context.SpringBootTestContextBootstrapper - Found @SpringBootConfiguration com.project.Team7RecruitmentAndAdmissionsApplication for test class com.project.StudentApplicationServiceTest
12:18:49.365 [Test worker] DEBUG org.springframework.boot.test.context.SpringBootTestContextBootstrapper - Using TestExecutionListeners for test class [StudentApplicationServiceTest]: [ServletTestExecutionListener, DirtiesContextBeforeModesTestExecutionListener, ApplicationEventsTestExecutionListener, MockitoTestExecutionListener, DependencyInjectionTestExecutionListener, DirtiesContextTestExecutionListener, TransactionalTestExecutionListener, SqlScriptsTestExecutionListener, WithSecurityContextTestExecutionListener, EventPublishingTestExecutionListener, ReactorContextTestExecutionListener, RestDocsTestExecutionListener, MockRestServiceServerResetTestExecutionListener, MockMvcPrintOnlyOnFailureTestExecutionListener, WebDriverTestExecutionListener, MockWebServiceServerTestExecutionListener, ResetMocksTestExecutionListener]
12:18:49.365 [Test worker] DEBUG org.springframework.test.context.support.AbstractDirtiesContextTestExecutionListener - Before test class: class [StudentApplicationServiceTest], class annotated with @DirtiesContext [false] with mode [null]

  .   ____          _            __ _ _
 /\\ / ___'_ __ _ _(_)_ __  __ _ \ \ \ \
( ( )\___ | '_ | '_| | '_ \/ _` | \ \ \ \
 \\/  ___)| |_)| | | | | || (_| |  ) ) ) )
  '  |____| .__|_| |_|_| |_\__, | / / / /
 =========|_|==============|___/=/_/_/_/
 :: Spring Boot ::                (v3.0.0)

2023-01-07T12:18:49.492Z  INFO 15666 --- [    Test worker] c.project.StudentApplicationServiceTest  : Starting StudentApplicationServiceTest using Java 17.0.5 with PID 15666 (started by mariiamoroz in /Users/mariiamoroz/Documents/Cardiff/team-7-recruitment-and-admissions_tests)
2023-01-07T12:18:49.492Z  INFO 15666 --- [    Test worker] c.project.StudentApplicationServiceTest  : No active profile set, falling back to 1 default profile: "default"
2023-01-07T12:18:49.719Z  INFO 15666 --- [    Test worker] .s.d.r.c.RepositoryConfigurationDelegate : Bootstrapping Spring Data JPA repositories in DEFAULT mode.
2023-01-07T12:18:49.742Z  INFO 15666 --- [    Test worker] .s.d.r.c.RepositoryConfigurationDelegate : Finished Spring Data repository scanning in 18 ms. Found 3 JPA repository interfaces.
2023-01-07T12:18:50.046Z  INFO 15666 --- [    Test worker] o.hibernate.jpa.internal.util.LogHelper  : HHH000204: Processing PersistenceUnitInfo [name: default]
2023-01-07T12:18:50.077Z  INFO 15666 --- [    Test worker] org.hibernate.Version                    : HHH000412: Hibernate ORM core version 6.1.5.Final
2023-01-07T12:18:50.167Z  WARN 15666 --- [    Test worker] org.hibernate.orm.deprecation            : HHH90000021: Encountered deprecated setting [javax.persistence.sharedCache.mode], use [jakarta.persistence.sharedCache.mode] instead
2023-01-07T12:18:50.230Z  INFO 15666 --- [    Test worker] com.zaxxer.hikari.HikariDataSource       : HikariPool-1 - Starting...
2023-01-07T12:18:50.695Z  INFO 15666 --- [    Test worker] com.zaxxer.hikari.pool.HikariPool        : HikariPool-1 - Added connection org.mariadb.jdbc.Connection@1a497286
2023-01-07T12:18:50.697Z  INFO 15666 --- [    Test worker] com.zaxxer.hikari.HikariDataSource       : HikariPool-1 - Start completed.
2023-01-07T12:18:50.794Z  INFO 15666 --- [    Test worker] SQL dialect                              : HHH000400: Using dialect: org.hibernate.dialect.MariaDBDialect
2023-01-07T12:18:51.466Z  INFO 15666 --- [    Test worker] o.h.e.t.j.p.i.JtaPlatformInitiator       : HHH000490: Using JtaPlatform implementation: [org.hibernate.engine.transaction.jta.platform.internal.NoJtaPlatform]
2023-01-07T12:18:51.470Z  INFO 15666 --- [    Test worker] j.LocalContainerEntityManagerFactoryBean : Initialized JPA EntityManagerFactory for persistence unit 'default'
2023-01-07T12:18:51.751Z  WARN 15666 --- [    Test worker] JpaBaseConfiguration$JpaWebConfiguration : spring.jpa.open-in-view is enabled by default. Therefore, database queries may be performed during view rendering. Explicitly configure spring.jpa.open-in-view to disable this warning
2023-01-07T12:18:51.917Z  INFO 15666 --- [    Test worker] o.s.s.web.DefaultSecurityFilterChain     : Will secure any request with [org.springframework.security.web.session.DisableEncodeUrlFilter@698daff6, org.springframework.security.web.context.request.async.WebAsyncManagerIntegrationFilter@7a085d02, org.springframework.security.web.context.SecurityContextHolderFilter@6d3194ff, org.springframework.security.web.header.HeaderWriterFilter@4c231f62, org.springframework.security.web.csrf.CsrfFilter@481eb705, org.springframework.security.web.authentication.logout.LogoutFilter@427128a6, org.springframework.security.web.authentication.UsernamePasswordAuthenticationFilter@1db9d253, org.springframework.security.web.savedrequest.RequestCacheAwareFilter@123d666b, org.springframework.security.web.servletapi.SecurityContextHolderAwareRequestFilter@542c6165, org.springframework.security.web.authentication.AnonymousAuthenticationFilter@6cee52e2, org.springframework.security.web.access.ExceptionTranslationFilter@5bb90b89, org.springframework.security.web.access.intercept.AuthorizationFilter@1fd4850b]
2023-01-07T12:18:52.074Z  INFO 15666 --- [    Test worker] c.project.StudentApplicationServiceTest  : Started StudentApplicationServiceTest in 2.686 seconds (process running for 3.264)
]]></system-out>
  <system-err><![CDATA[]]></system-err>
</testsuite>
