<?xml version="1.0" encoding="UTF-8"?>
<testsuite name="com.project.AccountsServiceTest" tests="6" skipped="0" failures="0" errors="0" timestamp="2022-12-15T07:29:15" hostname="DSA5084926AACF7" time="0.956">
  <properties/>
  <testcase name="TestGetAll()" classname="com.project.AccountsServiceTest" time="0.477"/>
  <testcase name="TestAdd()" classname="com.project.AccountsServiceTest" time="0.128"/>
  <testcase name="TestDeleteAccountById()" classname="com.project.AccountsServiceTest" time="0.14"/>
  <testcase name="TestGetAccountById()" classname="com.project.AccountsServiceTest" time="0.093"/>
  <testcase name="contextLoads()" classname="com.project.AccountsServiceTest" time="0.002"/>
  <testcase name="TestFindAccountPaginated()" classname="com.project.AccountsServiceTest" time="0.108"/>
  <system-out><![CDATA[07:29:11.049 [Test worker] DEBUG org.springframework.boot.test.context.SpringBootTestContextBootstrapper - Neither @ContextConfiguration nor @ContextHierarchy found for test class [AccountsServiceTest]: using SpringBootContextLoader
07:29:11.054 [Test worker] DEBUG org.springframework.test.context.support.AbstractContextLoader - Could not detect default resource locations for test class [com.project.AccountsServiceTest]: no resource found for suffixes {-context.xml, Context.groovy}.
07:29:11.055 [Test worker] INFO org.springframework.test.context.support.AnnotationConfigContextLoaderUtils - Could not detect default configuration classes for test class [com.project.AccountsServiceTest]: AccountsServiceTest does not declare any static, non-private, non-final, nested classes annotated with @Configuration.
07:29:11.080 [Test worker] DEBUG org.springframework.boot.test.context.SpringBootTestContextBootstrapper - Using ContextCustomizers for test class [AccountsServiceTest]: [DisableObservabilityContextCustomizer, PropertyMappingContextCustomizer, Customizer, ExcludeFilterContextCustomizer, DuplicateJsonObjectContextCustomizer, MockitoContextCustomizer, TestRestTemplateContextCustomizer]
07:29:11.259 [Test worker] DEBUG org.springframework.context.annotation.ClassPathScanningCandidateComponentProvider - Identified candidate component class: file [C:\Users\c22073892\Cardiff_Projects\Client_project\build\classes\java\main\com\project\Team7RecruitmentAndAdmissionsApplication.class]
07:29:11.267 [Test worker] INFO org.springframework.boot.test.context.SpringBootTestContextBootstrapper - Found @SpringBootConfiguration com.project.Team7RecruitmentAndAdmissionsApplication for test class com.project.AccountsServiceTest
07:29:11.402 [Test worker] DEBUG org.springframework.boot.test.context.SpringBootTestContextBootstrapper - Using TestExecutionListeners for test class [AccountsServiceTest]: [ServletTestExecutionListener, DirtiesContextBeforeModesTestExecutionListener, ApplicationEventsTestExecutionListener, MockitoTestExecutionListener, DependencyInjectionTestExecutionListener, DirtiesContextTestExecutionListener, TransactionalTestExecutionListener, SqlScriptsTestExecutionListener, WithSecurityContextTestExecutionListener, EventPublishingTestExecutionListener, ReactorContextTestExecutionListener, RestDocsTestExecutionListener, MockRestServiceServerResetTestExecutionListener, MockMvcPrintOnlyOnFailureTestExecutionListener, WebDriverTestExecutionListener, MockWebServiceServerTestExecutionListener, ResetMocksTestExecutionListener]
07:29:11.404 [Test worker] DEBUG org.springframework.test.context.support.AbstractDirtiesContextTestExecutionListener - Before test class: class [AccountsServiceTest], class annotated with @DirtiesContext [false] with mode [null]

  .   ____          _            __ _ _
 /\\ / ___'_ __ _ _(_)_ __  __ _ \ \ \ \
( ( )\___ | '_ | '_| | '_ \/ _` | \ \ \ \
 \\/  ___)| |_)| | | | | || (_| |  ) ) ) )
  '  |____| .__|_| |_|_| |_\__, | / / / /
 =========|_|==============|___/=/_/_/_/
 :: Spring Boot ::                (v3.0.0)

2022-12-15T07:29:11.667Z  INFO 14560 --- [    Test worker] com.project.AccountsServiceTest          : Starting AccountsServiceTest using Java 17.0.3 with PID 14560 (started by c22073892 in C:\Users\c22073892\Cardiff_Projects\Client_project)
2022-12-15T07:29:11.669Z  INFO 14560 --- [    Test worker] com.project.AccountsServiceTest          : No active profile set, falling back to 1 default profile: "default"
2022-12-15T07:29:12.233Z  INFO 14560 --- [    Test worker] .s.d.r.c.RepositoryConfigurationDelegate : Bootstrapping Spring Data JPA repositories in DEFAULT mode.
2022-12-15T07:29:12.292Z  INFO 14560 --- [    Test worker] .s.d.r.c.RepositoryConfigurationDelegate : Finished Spring Data repository scanning in 48 ms. Found 3 JPA repository interfaces.
2022-12-15T07:29:12.950Z  INFO 14560 --- [    Test worker] o.hibernate.jpa.internal.util.LogHelper  : HHH000204: Processing PersistenceUnitInfo [name: default]
2022-12-15T07:29:12.999Z  INFO 14560 --- [    Test worker] org.hibernate.Version                    : HHH000412: Hibernate ORM core version 6.1.5.Final
2022-12-15T07:29:13.166Z  WARN 14560 --- [    Test worker] org.hibernate.orm.deprecation            : HHH90000021: Encountered deprecated setting [javax.persistence.sharedCache.mode], use [jakarta.persistence.sharedCache.mode] instead
2022-12-15T07:29:13.297Z  INFO 14560 --- [    Test worker] com.zaxxer.hikari.HikariDataSource       : HikariPool-1 - Starting...
2022-12-15T07:29:13.494Z  INFO 14560 --- [    Test worker] com.zaxxer.hikari.pool.HikariPool        : HikariPool-1 - Added connection org.mariadb.jdbc.Connection@10bf1ec9
2022-12-15T07:29:13.496Z  INFO 14560 --- [    Test worker] com.zaxxer.hikari.HikariDataSource       : HikariPool-1 - Start completed.
2022-12-15T07:29:13.560Z  INFO 14560 --- [    Test worker] SQL dialect                              : HHH000400: Using dialect: org.hibernate.dialect.MariaDBDialect
2022-12-15T07:29:14.440Z  INFO 14560 --- [    Test worker] o.h.e.t.j.p.i.JtaPlatformInitiator       : HHH000490: Using JtaPlatform implementation: [org.hibernate.engine.transaction.jta.platform.internal.NoJtaPlatform]
2022-12-15T07:29:14.449Z  INFO 14560 --- [    Test worker] j.LocalContainerEntityManagerFactoryBean : Initialized JPA EntityManagerFactory for persistence unit 'default'
2022-12-15T07:29:15.181Z  WARN 14560 --- [    Test worker] JpaBaseConfiguration$JpaWebConfiguration : spring.jpa.open-in-view is enabled by default. Therefore, database queries may be performed during view rendering. Explicitly configure spring.jpa.open-in-view to disable this warning
2022-12-15T07:29:15.534Z  INFO 14560 --- [    Test worker] o.s.s.web.DefaultSecurityFilterChain     : Will secure any request with [org.springframework.security.web.session.DisableEncodeUrlFilter@67cd1db3, org.springframework.security.web.context.request.async.WebAsyncManagerIntegrationFilter@7ccfed46, org.springframework.security.web.context.SecurityContextHolderFilter@dd025d9, org.springframework.security.web.header.HeaderWriterFilter@1174ff02, org.springframework.security.web.csrf.CsrfFilter@53b579d2, org.springframework.security.web.authentication.logout.LogoutFilter@66c91224, org.springframework.security.web.authentication.UsernamePasswordAuthenticationFilter@3368cf02, org.springframework.security.web.savedrequest.RequestCacheAwareFilter@65192f16, org.springframework.security.web.servletapi.SecurityContextHolderAwareRequestFilter@3338d706, org.springframework.security.web.authentication.AnonymousAuthenticationFilter@53630682, org.springframework.security.web.access.ExceptionTranslationFilter@15c8b75c, org.springframework.security.web.access.intercept.AuthorizationFilter@29682244]
2022-12-15T07:29:15.883Z  INFO 14560 --- [    Test worker] com.project.AccountsServiceTest          : Started AccountsServiceTest in 4.42 seconds (process running for 5.925)
]]></system-out>
  <system-err><![CDATA[]]></system-err>
</testsuite>
